<?xml version="1.0" encoding="UTF-8"?>
<!-- Generated by org.testng.reporters.JUnitXMLReporter -->
<testsuite hostname="DESKTOP-NIRUMNA" ignored="6" tests="2" failures="0" timestamp="22 May 2019 01:35:46 GMT" time="0.061" errors="0">
  <testcase name="@BeforeMethod setupDriver" time="0.0" classname="base.base.CommonAPI">
    <failure type="org.testng.TestNGException" message="
Parameter &amp;apos;platform&amp;apos; is required by BeforeMethod on method setupDriver but has not been marked @Optional or defined
">
      <![CDATA[org.testng.TestNGException: 
Parameter 'platform' is required by BeforeMethod on method setupDriver but has not been marked @Optional or defined

... Removed 35 stack frames]]>
    </failure>
  </testcase> <!-- @BeforeMethod setupDriver -->
  <testcase name="@BeforeMethod startExtent" time="0.0" classname="base.base.CommonAPI">
    <skipped/>
  </testcase> <!-- @BeforeMethod startExtent -->
  <testcase name="@BeforeMethod init" time="0.0" classname="TestHelpCenter">
    <skipped/>
  </testcase> <!-- @BeforeMethod init -->
  <testcase name="@AfterMethod afterEachTestMethod" time="0.0" classname="base.base.CommonAPI">
    <skipped/>
  </testcase> <!-- @AfterMethod afterEachTestMethod -->
  <testcase name="@AfterMethod quitDriver" time="0.0" classname="base.base.CommonAPI">
    <skipped/>
  </testcase> <!-- @AfterMethod quitDriver -->
  <testcase name="@BeforeMethod setupDriver" time="0.0" classname="base.base.CommonAPI">
    <failure type="org.testng.TestNGException" message="
Parameter &amp;apos;platform&amp;apos; is required by BeforeMethod on method setupDriver but has not been marked @Optional or defined
">
      <![CDATA[org.testng.TestNGException: 
Parameter 'platform' is required by BeforeMethod on method setupDriver but has not been marked @Optional or defined

... Removed 35 stack frames]]>
    </failure>
  </testcase> <!-- @BeforeMethod setupDriver -->
  <testcase name="@BeforeMethod startExtent" time="0.0" classname="base.base.CommonAPI">
    <skipped/>
  </testcase> <!-- @BeforeMethod startExtent -->
  <testcase name="@AfterMethod afterEachTestMethod" time="0.0" classname="base.base.CommonAPI">
    <skipped/>
  </testcase> <!-- @AfterMethod afterEachTestMethod -->
  <testcase name="@AfterMethod quitDriver" time="0.0" classname="base.base.CommonAPI">
    <skipped/>
  </testcase> <!-- @AfterMethod quitDriver -->
  <testcase name="cantSignInHelpTestCase" time="0.0" classname="TestHelpCenter">
    <skipped/>
  </testcase> <!-- cantSignInHelpTestCase -->
  <testcase name="accountInputError" time="0.0" classname="TestHomePage">
    <skipped/>
  </testcase> <!-- accountInputError -->
  <testcase name="@AfterSuite generateReport" time="0.0" classname="base.base.CommonAPI">
    <ignored/>
  </testcase> <!-- @AfterSuite generateReport -->
  <testcase name="@AfterSuite generateReport" time="0.0" classname="base.base.CommonAPI">
    <ignored/>
  </testcase> <!-- @AfterSuite generateReport -->
  <testcase name="@AfterSuite generateReport" time="0.0" classname="base.base.CommonAPI">
    <ignored/>
  </testcase> <!-- @AfterSuite generateReport -->
  <testcase name="@BeforeSuite extentSetup" time="0.0" classname="base.base.CommonAPI">
    <ignored/>
  </testcase> <!-- @BeforeSuite extentSetup -->
  <testcase name="@BeforeSuite extentSetup" time="0.0" classname="base.base.CommonAPI">
    <ignored/>
  </testcase> <!-- @BeforeSuite extentSetup -->
  <testcase name="@BeforeSuite extentSetup" time="0.0" classname="base.base.CommonAPI">
    <ignored/>
  </testcase> <!-- @BeforeSuite extentSetup -->
</testsuite>
